src/core/misc.c:380:  [4] (buffer) sprintf:
  Does not check for buffer overflows (CWE-120). Use sprintf_s, snprintf, or
  vsnprintf.
src/protocol/smb2/smb2_create.c:71:  [4] (race) access:
  This usually indicates a security flaw. If an attacker can change anything
  along the path between the call to access() and the file's actual use
  (e.g., by moving files), the attacker can exploit the race condition
  (CWE-362/CWE-367!). Set up the correct permissions (e.g., using setuid())
  and try to open the file directly.
src/protocol/smb2/smb2_create.c:80:  [4] (race) access:
  This usually indicates a security flaw. If an attacker can change anything
  along the path between the call to access() and the file's actual use
  (e.g., by moving files), the attacker can exploit the race condition
  (CWE-362/CWE-367!). Set up the correct permissions (e.g., using setuid())
  and try to open the file directly.
src/protocol/smb2/smb2_create.c:84:  [4] (race) access:
  This usually indicates a security flaw. If an attacker can change anything
  along the path between the call to access() and the file's actual use
  (e.g., by moving files), the attacker can exploit the race condition
  (CWE-362/CWE-367!). Set up the correct permissions (e.g., using setuid())
  and try to open the file directly.
src/protocol/smb2/smb2_create.c:85:  [4] (race) access:
  This usually indicates a security flaw. If an attacker can change anything
  along the path between the call to access() and the file's actual use
  (e.g., by moving files), the attacker can exploit the race condition
  (CWE-362/CWE-367!). Set up the correct permissions (e.g., using setuid())
  and try to open the file directly.
src/protocol/smb2/smb2_create.c:88:  [4] (race) access:
  This usually indicates a security flaw. If an attacker can change anything
  along the path between the call to access() and the file's actual use
  (e.g., by moving files), the attacker can exploit the race condition
  (CWE-362/CWE-367!). Set up the correct permissions (e.g., using setuid())
  and try to open the file directly.
src/protocol/smb2/smb2fruit.c:783:  [4] (race) access:
  This usually indicates a security flaw. If an attacker can change anything
  along the path between the call to access() and the file's actual use
  (e.g., by moving files), the attacker can exploit the race condition
  (CWE-362/CWE-367!). Set up the correct permissions (e.g., using setuid())
  and try to open the file directly.
src/protocol/smb2/smb2fruit.c:785:  [4] (race) access:
  This usually indicates a security flaw. If an attacker can change anything
  along the path between the call to access() and the file's actual use
  (e.g., by moving files), the attacker can exploit the race condition
  (CWE-362/CWE-367!). Set up the correct permissions (e.g., using setuid())
  and try to open the file directly.
src/protocol/smb2/smb2fruit.c:787:  [4] (race) access:
  This usually indicates a security flaw. If an attacker can change anything
  along the path between the call to access() and the file's actual use
  (e.g., by moving files), the attacker can exploit the race condition
  (CWE-362/CWE-367!). Set up the correct permissions (e.g., using setuid())
  and try to open the file directly.
src/protocol/smb2/smb2fruit.c:791:  [4] (race) access:
  This usually indicates a security flaw. If an attacker can change anything
  along the path between the call to access() and the file's actual use
  (e.g., by moving files), the attacker can exploit the race condition
  (CWE-362/CWE-367!). Set up the correct permissions (e.g., using setuid())
  and try to open the file directly.
src/core/auth.c:42:  [2] (buffer) char:
  Statically-sized arrays can be improperly restricted, leading to potential
  overflows or other issues (CWE-119!/CWE-120). Perform bounds checking, use
  functions that limit length, or ensure that the size is larger than the
  maximum possible length.
src/core/auth.c:59:  [2] (buffer) memcpy:
  Does not check for buffer overflows when copying to destination (CWE-120).
  Make sure destination can always hold the source data.
src/core/auth.c:82:  [2] (buffer) char:
  Statically-sized arrays can be improperly restricted, leading to potential
  overflows or other issues (CWE-119!/CWE-120). Perform bounds checking, use
  functions that limit length, or ensure that the size is larger than the
  maximum possible length.
src/core/auth.c:331:  [2] (buffer) char:
  Statically-sized arrays can be improperly restricted, leading to potential
  overflows or other issues (CWE-119!/CWE-120). Perform bounds checking, use
  functions that limit length, or ensure that the size is larger than the
  maximum possible length.
src/core/auth.c:332:  [2] (buffer) char:
  Statically-sized arrays can be improperly restricted, leading to potential
  overflows or other issues (CWE-119!/CWE-120). Perform bounds checking, use
  functions that limit length, or ensure that the size is larger than the
  maximum possible length.
src/core/auth.c:335:  [2] (buffer) memcpy:
  Does not check for buffer overflows when copying to destination (CWE-120).
  Make sure destination can always hold the source data.
src/core/auth.c:344:  [2] (buffer) memcpy:
  Does not check for buffer overflows when copying to destination (CWE-120).
  Make sure destination can always hold the source data.
src/core/auth.c:377:  [2] (buffer) char:
  Statically-sized arrays can be improperly restricted, leading to potential
  overflows or other issues (CWE-119!/CWE-120). Perform bounds checking, use
  functions that limit length, or ensure that the size is larger than the
  maximum possible length.
src/core/auth.c:378:  [2] (buffer) char:
  Statically-sized arrays can be improperly restricted, leading to potential
  overflows or other issues (CWE-119!/CWE-120). Perform bounds checking, use
  functions that limit length, or ensure that the size is larger than the
  maximum possible length.
src/core/auth.c:419:  [2] (buffer) memcpy:
  Does not check for buffer overflows when copying to destination (CWE-120).
  Make sure destination can always hold the source data.
src/core/auth.c:420:  [2] (buffer) memcpy:
  Does not check for buffer overflows when copying to destination (CWE-120).
  Make sure destination can always hold the source data.
src/core/auth.c:470:  [2] (buffer) char:
  Statically-sized arrays can be improperly restricted, leading to potential
  overflows or other issues (CWE-119!/CWE-120). Perform bounds checking, use
  functions that limit length, or ensure that the size is larger than the
  maximum possible length.
src/core/auth.c:472:  [2] (buffer) char:
  Statically-sized arrays can be improperly restricted, leading to potential
  overflows or other issues (CWE-119!/CWE-120). Perform bounds checking, use
  functions that limit length, or ensure that the size is larger than the
  maximum possible length.
src/core/auth.c:473:  [2] (buffer) char:
  Statically-sized arrays can be improperly restricted, leading to potential
  overflows or other issues (CWE-119!/CWE-120). Perform bounds checking, use
  functions that limit length, or ensure that the size is larger than the
  maximum possible length.
src/core/auth.c:482:  [2] (buffer) memcpy:
  Does not check for buffer overflows when copying to destination (CWE-120).
  Make sure destination can always hold the source data.
src/core/auth.c:716:  [2] (buffer) memcpy:
  Does not check for buffer overflows when copying to destination (CWE-120).
  Make sure destination can always hold the source data.
src/core/auth.c:769:  [2] (buffer) memcpy:
  Does not check for buffer overflows when copying to destination (CWE-120).
  Make sure destination can always hold the source data.
src/core/auth.c:776:  [2] (buffer) memcpy:
  Does not check for buffer overflows when copying to destination (CWE-120).
  Make sure destination can always hold the source data.
src/core/auth.c:785:  [2] (buffer) memcpy:
  Does not check for buffer overflows when copying to destination (CWE-120).
  Make sure destination can always hold the source data.
src/core/auth.c:859:  [2] (buffer) memcpy:
  Does not check for buffer overflows when copying to destination (CWE-120).
  Make sure destination can always hold the source data.
src/core/auth.c:860:  [2] (buffer) memcpy:
  Does not check for buffer overflows when copying to destination (CWE-120).
  Make sure destination can always hold the source data.
src/core/auth.c:1061:  [2] (buffer) memcpy:
  Does not check for buffer overflows when copying to destination (CWE-120).
  Make sure destination can always hold the source data.
src/core/auth.c:1109:  [2] (buffer) memcpy:
  Does not check for buffer overflows when copying to destination (CWE-120).
  Make sure destination can always hold the source data.
src/core/auth.c:1140:  [2] (buffer) memcpy:
  Does not check for buffer overflows when copying to destination (CWE-120).
  Make sure destination can always hold the source data.
src/core/auth.c:1168:  [2] (buffer) char:
  Statically-sized arrays can be improperly restricted, leading to potential
  overflows or other issues (CWE-119!/CWE-120). Perform bounds checking, use
  functions that limit length, or ensure that the size is larger than the
  maximum possible length.
src/core/auth.c:1239:  [2] (buffer) memcpy:
  Does not check for buffer overflows when copying to destination (CWE-120).
  Make sure destination can always hold the source data.
src/core/auth.c:1270:  [2] (buffer) memcpy:
  Does not check for buffer overflows when copying to destination (CWE-120).
  Make sure destination can always hold the source data.
src/core/auth.c:1307:  [2] (buffer) memcpy:
  Does not check for buffer overflows when copying to destination (CWE-120).
  Make sure destination can always hold the source data.
src/core/auth.c:1486:  [2] (buffer) memcpy:
  Does not check for buffer overflows when copying to destination (CWE-120).
  Make sure destination can always hold the source data.
src/core/auth.c:1643:  [2] (buffer) memcpy:
  Does not check for buffer overflows when copying to destination (CWE-120).
  Make sure destination can always hold the source data.
src/core/auth.c:1663:  [2] (buffer) memcpy:
  Does not check for buffer overflows when copying to destination (CWE-120).
  Make sure destination can always hold the source data.
src/core/auth.c:1666:  [2] (buffer) memcpy:
  Does not check for buffer overflows when copying to destination (CWE-120).
  Make sure destination can always hold the source data.
src/core/auth.c:1681:  [2] (buffer) memcpy:
  Does not check for buffer overflows when copying to destination (CWE-120).
  Make sure destination can always hold the source data.
src/core/connection.c:520:  [2] (buffer) char:
  Statically-sized arrays can be improperly restricted, leading to potential
  overflows or other issues (CWE-119!/CWE-120). Perform bounds checking, use
  functions that limit length, or ensure that the size is larger than the
  maximum possible length.
src/core/connection.c:589:  [2] (buffer) memcpy:
  Does not check for buffer overflows when copying to destination (CWE-120).
  Make sure destination can always hold the source data.
src/core/ksmbd_debugfs.c:42:  [2] (buffer) char:
  Statically-sized arrays can be improperly restricted, leading to potential
  overflows or other issues (CWE-119!/CWE-120). Perform bounds checking, use
  functions that limit length, or ensure that the size is larger than the
  maximum possible length.
src/core/misc.c:201:  [2] (buffer) memcpy:
  Does not check for buffer overflows when copying to destination (CWE-120).
  Make sure destination can always hold the source data.
src/core/misc.c:315:  [2] (buffer) memcpy:
  Does not check for buffer overflows when copying to destination (CWE-120).
  Make sure destination can always hold the source data.
src/core/misc.c:321:  [2] (buffer) memcpy:
  Does not check for buffer overflows when copying to destination (CWE-120).
  Make sure destination can always hold the source data.
src/core/misc.c:417:  [2] (buffer) memcpy:
  Does not check for buffer overflows when copying to destination (CWE-120).
  Make sure destination can always hold the source data.
src/core/misc.c:423:  [2] (buffer) memcpy:
  Does not check for buffer overflows when copying to destination (CWE-120).
  Make sure destination can always hold the source data.
src/core/smb2_compress.c:408:  [2] (buffer) memcpy:
  Does not check for buffer overflows when copying to destination (CWE-120).
  Make sure destination can always hold the source data.
src/core/smb2_compress.c:578:  [2] (buffer) memcpy:
  Does not check for buffer overflows when copying to destination (CWE-120).
  Make sure destination can always hold the source data.
src/core/smb2_compress.c:583:  [2] (buffer) memcpy:
  Does not check for buffer overflows when copying to destination (CWE-120).
  Make sure destination can always hold the source data.
src/encoding/asn1.c:35:  [2] (buffer) char:
  Statically-sized arrays can be improperly restricted, leading to potential
  overflows or other issues (CWE-119!/CWE-120). Perform bounds checking, use
  functions that limit length, or ensure that the size is larger than the
  maximum possible length.
src/encoding/asn1.c:216:  [2] (buffer) memcpy:
  Does not check for buffer overflows when copying to destination (CWE-120).
  Make sure destination can always hold the source data.
src/encoding/asn1.c:221:  [2] (buffer) memcpy:
  Does not check for buffer overflows when copying to destination (CWE-120).
  Make sure destination can always hold the source data.
src/encoding/asn1.c:274:  [2] (buffer) char:
  Statically-sized arrays can be improperly restricted, leading to potential
  overflows or other issues (CWE-119!/CWE-120). Perform bounds checking, use
  functions that limit length, or ensure that the size is larger than the
  maximum possible length.
src/encoding/asn1.c:290:  [2] (buffer) char:
  Statically-sized arrays can be improperly restricted, leading to potential
  overflows or other issues (CWE-119!/CWE-120). Perform bounds checking, use
  functions that limit length, or ensure that the size is larger than the
  maximum possible length.
src/encoding/ndr.c:97:  [2] (buffer) memcpy:
  Does not check for buffer overflows when copying to destination (CWE-120).
  Make sure destination can always hold the source data.
src/encoding/ndr.c:115:  [2] (buffer) memcpy:
  Does not check for buffer overflows when copying to destination (CWE-120).
  Make sure destination can always hold the source data.
src/encoding/ndr.c:144:  [2] (buffer) memcpy:
  Does not check for buffer overflows when copying to destination (CWE-120).
  Make sure destination can always hold the source data.
src/encoding/ndr.c:168:  [2] (buffer) memcpy:
  Does not check for buffer overflows when copying to destination (CWE-120).
  Make sure destination can always hold the source data.
src/encoding/ndr.c:217:  [2] (buffer) char:
  Statically-sized arrays can be improperly restricted, leading to potential
  overflows or other issues (CWE-119!/CWE-120). Perform bounds checking, use
  functions that limit length, or ensure that the size is larger than the
  maximum possible length.
src/encoding/ndr.c:284:  [2] (buffer) char:
  Statically-sized arrays can be improperly restricted, leading to potential
  overflows or other issues (CWE-119!/CWE-120). Perform bounds checking, use
  functions that limit length, or ensure that the size is larger than the
  maximum possible length.
src/encoding/unicode.c:136:  [2] (buffer) char:
  Statically-sized arrays can be improperly restricted, leading to potential
  overflows or other issues (CWE-119!/CWE-120). Perform bounds checking, use
  functions that limit length, or ensure that the size is larger than the
  maximum possible length.
src/encoding/unicode.c:209:  [2] (buffer) char:
  Statically-sized arrays can be improperly restricted, leading to potential
  overflows or other issues (CWE-119!/CWE-120). Perform bounds checking, use
  functions that limit length, or ensure that the size is larger than the
  maximum possible length.
src/encoding/unicode.c:400:  [2] (buffer) wchar_t:
  Statically-sized arrays can be improperly restricted, leading to potential
  overflows or other issues (CWE-119!/CWE-120). Perform bounds checking, use
  functions that limit length, or ensure that the size is larger than the
  maximum possible length.
src/fs/ksmbd_app_instance.c:165:  [2] (buffer) memcpy:
  Does not check for buffer overflows when copying to destination (CWE-120).
  Make sure destination can always hold the source data.
src/fs/ksmbd_branchcache.c:353:  [2] (buffer) memcpy:
  Does not check for buffer overflows when copying to destination (CWE-120).
  Make sure destination can always hold the source data.
src/fs/ksmbd_branchcache.c:402:  [2] (buffer) memcpy:
  Does not check for buffer overflows when copying to destination (CWE-120).
  Make sure destination can always hold the source data.
src/fs/ksmbd_branchcache.c:582:  [2] (buffer) memcpy:
  Does not check for buffer overflows when copying to destination (CWE-120).
  Make sure destination can always hold the source data.
src/fs/ksmbd_branchcache.c:590:  [2] (buffer) memcpy:
  Does not check for buffer overflows when copying to destination (CWE-120).
  Make sure destination can always hold the source data.
src/fs/ksmbd_dfs.c:339:  [2] (buffer) memcpy:
  Does not check for buffer overflows when copying to destination (CWE-120).
  Make sure destination can always hold the source data.
src/fs/ksmbd_dfs.c:340:  [2] (buffer) memcpy:
  Does not check for buffer overflows when copying to destination (CWE-120).
  Make sure destination can always hold the source data.
src/fs/ksmbd_dfs.c:341:  [2] (buffer) memcpy:
  Does not check for buffer overflows when copying to destination (CWE-120).
  Make sure destination can always hold the source data.
src/fs/ksmbd_fsctl.c:163:  [2] (buffer) memcpy:
  Does not check for buffer overflows when copying to destination (CWE-120).
  Make sure destination can always hold the source data.
src/fs/ksmbd_fsctl.c:164:  [2] (buffer) memcpy:
  Does not check for buffer overflows when copying to destination (CWE-120).
  Make sure destination can always hold the source data.
src/fs/ksmbd_fsctl.c:165:  [2] (buffer) memcpy:
  Does not check for buffer overflows when copying to destination (CWE-120).
  Make sure destination can always hold the source data.
src/fs/ksmbd_fsctl.c:195:  [2] (buffer) memcpy:
  Does not check for buffer overflows when copying to destination (CWE-120).
  Make sure destination can always hold the source data.
src/fs/ksmbd_fsctl.c:916:  [2] (buffer) memcpy:
  Does not check for buffer overflows when copying to destination (CWE-120).
  Make sure destination can always hold the source data.
src/fs/ksmbd_fsctl.c:1588:  [2] (buffer) memcpy:
  Does not check for buffer overflows when copying to destination (CWE-120).
  Make sure destination can always hold the source data.
src/fs/ksmbd_fsctl.c:1913:  [2] (buffer) memcpy:
  Does not check for buffer overflows when copying to destination (CWE-120).
  Make sure destination can always hold the source data.
src/fs/ksmbd_info.c:534:  [2] (buffer) memcpy:
  Does not check for buffer overflows when copying to destination (CWE-120).
  Make sure destination can always hold the source data.
src/fs/ksmbd_quota.c:178:  [2] (buffer) memcpy:
  Does not check for buffer overflows when copying to destination (CWE-120).
  Make sure destination can always hold the source data.
src/fs/ksmbd_reparse.c:717:  [2] (buffer) memcpy:
  Does not check for buffer overflows when copying to destination (CWE-120).
  Make sure destination can always hold the source data.
src/fs/ksmbd_reparse.c:760:  [2] (buffer) memcpy:
  Does not check for buffer overflows when copying to destination (CWE-120).
  Make sure destination can always hold the source data.
src/fs/ksmbd_reparse.c:824:  [2] (buffer) memcpy:
  Does not check for buffer overflows when copying to destination (CWE-120).
  Make sure destination can always hold the source data.
src/fs/ksmbd_reparse.c:826:  [2] (buffer) memcpy:
  Does not check for buffer overflows when copying to destination (CWE-120).
  Make sure destination can always hold the source data.
src/fs/ksmbd_vss.c:212:  [2] (buffer) memcpy:
  Does not check for buffer overflows when copying to destination (CWE-120).
  Make sure destination can always hold the source data.
src/fs/oplock.c:109:  [2] (buffer) memcpy:
  Does not check for buffer overflows when copying to destination (CWE-120).
  Make sure destination can always hold the source data.
src/fs/oplock.c:115:  [2] (buffer) memcpy:
  Does not check for buffer overflows when copying to destination (CWE-120).
  Make sure destination can always hold the source data.
src/fs/oplock.c:508:  [2] (buffer) memcpy:
  Does not check for buffer overflows when copying to destination (CWE-120).
  Make sure destination can always hold the source data.
src/fs/oplock.c:537:  [2] (buffer) memcpy:
  Does not check for buffer overflows when copying to destination (CWE-120).
  Make sure destination can always hold the source data.
src/fs/oplock.c:564:  [2] (buffer) memcpy:
  Does not check for buffer overflows when copying to destination (CWE-120).
  Make sure destination can always hold the source data.
src/fs/oplock.c:989:  [2] (buffer) memcpy:
  Does not check for buffer overflows when copying to destination (CWE-120).
  Make sure destination can always hold the source data.
src/fs/oplock.c:1037:  [2] (buffer) memcpy:
  Does not check for buffer overflows when copying to destination (CWE-120).
  Make sure destination can always hold the source data.
src/fs/oplock.c:1253:  [2] (buffer) memcpy:
  Does not check for buffer overflows when copying to destination (CWE-120).
  Make sure destination can always hold the source data.
src/fs/oplock.c:1281:  [2] (buffer) memcpy:
  Does not check for buffer overflows when copying to destination (CWE-120).
  Make sure destination can always hold the source data.
src/fs/oplock.c:1708:  [2] (buffer) memcpy:
  Does not check for buffer overflows when copying to destination (CWE-120).
  Make sure destination can always hold the source data.
src/fs/oplock.c:1714:  [2] (buffer) memcpy:
  Does not check for buffer overflows when copying to destination (CWE-120).
  Make sure destination can always hold the source data.
src/fs/oplock.c:1730:  [2] (buffer) memcpy:
  Does not check for buffer overflows when copying to destination (CWE-120).
  Make sure destination can always hold the source data.
src/fs/oplock.c:1774:  [2] (buffer) memcpy:
  Does not check for buffer overflows when copying to destination (CWE-120).
  Make sure destination can always hold the source data.
src/fs/oplock.c:1780:  [2] (buffer) memcpy:
  Does not check for buffer overflows when copying to destination (CWE-120).
  Make sure destination can always hold the source data.
src/fs/oplock.c:1790:  [2] (buffer) memcpy:
  Does not check for buffer overflows when copying to destination (CWE-120).
  Make sure destination can always hold the source data.
src/fs/smbacl.c:513:  [2] (buffer) char:
  Statically-sized arrays can be improperly restricted, leading to potential
  overflows or other issues (CWE-119!/CWE-120). Perform bounds checking, use
  functions that limit length, or ensure that the size is larger than the
  maximum possible length.
src/fs/smbacl.c:889:  [2] (buffer) memcpy:
  Does not check for buffer overflows when copying to destination (CWE-120).
  Make sure destination can always hold the source data.
src/fs/smbacl.c:1609:  [2] (buffer) memcpy:
  Does not check for buffer overflows when copying to destination (CWE-120).
  Make sure destination can always hold the source data.
src/fs/smbacl.c:1616:  [2] (buffer) memcpy:
  Does not check for buffer overflows when copying to destination (CWE-120).
  Make sure destination can always hold the source data.
src/fs/smbacl.c:1628:  [2] (buffer) memcpy:
  Does not check for buffer overflows when copying to destination (CWE-120).
  Make sure destination can always hold the source data.
src/fs/smbacl.c:1978:  [2] (buffer) memcpy:
  Does not check for buffer overflows when copying to destination (CWE-120).
  Make sure destination can always hold the source data.
src/fs/vfs.c:679:  [2] (buffer) memcpy:
  Does not check for buffer overflows when copying to destination (CWE-120).
  Make sure destination can always hold the source data.
src/fs/vfs.c:915:  [2] (buffer) memcpy:
  Does not check for buffer overflows when copying to destination (CWE-120).
  Make sure destination can always hold the source data.
src/fs/vfs.c:920:  [2] (buffer) memcpy:
  Does not check for buffer overflows when copying to destination (CWE-120).
  Make sure destination can always hold the source data.
src/fs/vfs.c:1305:  [2] (buffer) memcpy:
  Does not check for buffer overflows when copying to destination (CWE-120).
  Make sure destination can always hold the source data.
src/fs/vfs.c:1349:  [2] (buffer) memcpy:
  Does not check for buffer overflows when copying to destination (CWE-120).
  Make sure destination can always hold the source data.
src/fs/vfs.c:1351:  [2] (buffer) memcpy:
  Does not check for buffer overflows when copying to destination (CWE-120).
  Make sure destination can always hold the source data.
src/fs/vfs.c:2109:  [2] (buffer) memcpy:
  Does not check for buffer overflows when copying to destination (CWE-120).
  Make sure destination can always hold the source data.
src/fs/vfs.c:2603:  [2] (buffer) memcpy:
  Does not check for buffer overflows when copying to destination (CWE-120).
  Make sure destination can always hold the source data.
src/fs/vfs.c:3189:  [2] (buffer) memcpy:
  Does not check for buffer overflows when copying to destination (CWE-120).
  Make sure destination can always hold the source data.
src/include/core/connection.h:83:  [2] (buffer) char:
  Statically-sized arrays can be improperly restricted, leading to potential
  overflows or other issues (CWE-119!/CWE-120). Perform bounds checking, use
  functions that limit length, or ensure that the size is larger than the
  maximum possible length.
src/include/core/ntlmssp.h:147:  [2] (buffer) char:
  Statically-sized arrays can be improperly restricted, leading to potential
  overflows or other issues (CWE-119!/CWE-120). Perform bounds checking, use
  functions that limit length, or ensure that the size is larger than the
  maximum possible length.
src/include/core/ntlmssp.h:165:  [2] (buffer) char:
  Statically-sized arrays can be improperly restricted, leading to potential
  overflows or other issues (CWE-119!/CWE-120). Perform bounds checking, use
  functions that limit length, or ensure that the size is larger than the
  maximum possible length.
src/include/core/ntlmssp.h:167:  [2] (buffer) char:
  Statically-sized arrays can be improperly restricted, leading to potential
  overflows or other issues (CWE-119!/CWE-120). Perform bounds checking, use
  functions that limit length, or ensure that the size is larger than the
  maximum possible length.
src/include/core/server.h:51:  [2] (buffer) char:
  Statically-sized arrays can be improperly restricted, leading to potential
  overflows or other issues (CWE-119!/CWE-120). Perform bounds checking, use
  functions that limit length, or ensure that the size is larger than the
  maximum possible length.
src/include/core/server.h:52:  [2] (buffer) char:
  Statically-sized arrays can be improperly restricted, leading to potential
  overflows or other issues (CWE-119!/CWE-120). Perform bounds checking, use
  functions that limit length, or ensure that the size is larger than the
  maximum possible length.
src/include/encoding/unicode.h:56:  [2] (buffer) char:
  Statically-sized arrays can be improperly restricted, leading to potential
  overflows or other issues (CWE-119!/CWE-120). Perform bounds checking, use
  functions that limit length, or ensure that the size is larger than the
  maximum possible length.
src/include/encoding/unicode.h:61:  [2] (buffer) char:
  Statically-sized arrays can be improperly restricted, leading to potential
  overflows or other issues (CWE-119!/CWE-120). Perform bounds checking, use
  functions that limit length, or ensure that the size is larger than the
  maximum possible length.
src/include/encoding/uniupr.h:16:  [2] (buffer) char:
  Statically-sized arrays can be improperly restricted, leading to potential
  overflows or other issues (CWE-119!/CWE-120). Perform bounds checking, use
  functions that limit length, or ensure that the size is larger than the
  maximum possible length.
src/include/encoding/uniupr.h:56:  [2] (buffer) char:
  Statically-sized arrays can be improperly restricted, leading to potential
  overflows or other issues (CWE-119!/CWE-120). Perform bounds checking, use
  functions that limit length, or ensure that the size is larger than the
  maximum possible length.
src/include/encoding/uniupr.h:65:  [2] (buffer) char:
  Statically-sized arrays can be improperly restricted, leading to potential
  overflows or other issues (CWE-119!/CWE-120). Perform bounds checking, use
  functions that limit length, or ensure that the size is larger than the
  maximum possible length.
src/include/encoding/uniupr.h:75:  [2] (buffer) char:
  Statically-sized arrays can be improperly restricted, leading to potential
  overflows or other issues (CWE-119!/CWE-120). Perform bounds checking, use
  functions that limit length, or ensure that the size is larger than the
  maximum possible length.
src/include/encoding/uniupr.h:83:  [2] (buffer) char:
  Statically-sized arrays can be improperly restricted, leading to potential
  overflows or other issues (CWE-119!/CWE-120). Perform bounds checking, use
  functions that limit length, or ensure that the size is larger than the
  maximum possible length.
src/include/encoding/uniupr.h:120:  [2] (buffer) char:
  Statically-sized arrays can be improperly restricted, leading to potential
  overflows or other issues (CWE-119!/CWE-120). Perform bounds checking, use
  functions that limit length, or ensure that the size is larger than the
  maximum possible length.
src/include/encoding/uniupr.h:143:  [2] (buffer) char:
  Statically-sized arrays can be improperly restricted, leading to potential
  overflows or other issues (CWE-119!/CWE-120). Perform bounds checking, use
  functions that limit length, or ensure that the size is larger than the
  maximum possible length.
src/include/encoding/uniupr.h:185:  [2] (buffer) char:
  Statically-sized arrays can be improperly restricted, leading to potential
  overflows or other issues (CWE-119!/CWE-120). Perform bounds checking, use
  functions that limit length, or ensure that the size is larger than the
  maximum possible length.
src/include/encoding/uniupr.h:193:  [2] (buffer) char:
  Statically-sized arrays can be improperly restricted, leading to potential
  overflows or other issues (CWE-119!/CWE-120). Perform bounds checking, use
  functions that limit length, or ensure that the size is larger than the
  maximum possible length.
src/include/encoding/uniupr.h:203:  [2] (buffer) char:
  Statically-sized arrays can be improperly restricted, leading to potential
  overflows or other issues (CWE-119!/CWE-120). Perform bounds checking, use
  functions that limit length, or ensure that the size is larger than the
  maximum possible length.
src/include/encoding/uniupr.h:211:  [2] (buffer) char:
  Statically-sized arrays can be improperly restricted, leading to potential
  overflows or other issues (CWE-119!/CWE-120). Perform bounds checking, use
  functions that limit length, or ensure that the size is larger than the
  maximum possible length.
src/include/encoding/uniupr.h:249:  [2] (buffer) char:
  Statically-sized arrays can be improperly restricted, leading to potential
  overflows or other issues (CWE-119!/CWE-120). Perform bounds checking, use
  functions that limit length, or ensure that the size is larger than the
  maximum possible length.
src/include/fs/ksmbd_vss.h:34:  [2] (buffer) char:
  Statically-sized arrays can be improperly restricted, leading to potential
  overflows or other issues (CWE-119!/CWE-120). Perform bounds checking, use
  functions that limit length, or ensure that the size is larger than the
  maximum possible length.
src/include/fs/oplock.h:45:  [2] (buffer) char:
  Statically-sized arrays can be improperly restricted, leading to potential
  overflows or other issues (CWE-119!/CWE-120). Perform bounds checking, use
  functions that limit length, or ensure that the size is larger than the
  maximum possible length.
src/include/fs/oplock.h:93:  [2] (buffer) char:
  Statically-sized arrays can be improperly restricted, leading to potential
  overflows or other issues (CWE-119!/CWE-120). Perform bounds checking, use
  functions that limit length, or ensure that the size is larger than the
  maximum possible length.
src/include/fs/vfs_cache.h:96:  [2] (buffer) char:
  Statically-sized arrays can be improperly restricted, leading to potential
  overflows or other issues (CWE-119!/CWE-120). Perform bounds checking, use
  functions that limit length, or ensure that the size is larger than the
  maximum possible length.
src/include/fs/vfs_cache.h:97:  [2] (buffer) char:
  Statically-sized arrays can be improperly restricted, leading to potential
  overflows or other issues (CWE-119!/CWE-120). Perform bounds checking, use
  functions that limit length, or ensure that the size is larger than the
  maximum possible length.
src/include/fs/vfs_cache.h:98:  [2] (buffer) char:
  Statically-sized arrays can be improperly restricted, leading to potential
  overflows or other issues (CWE-119!/CWE-120). Perform bounds checking, use
  functions that limit length, or ensure that the size is larger than the
  maximum possible length.
src/include/protocol/smb1pdu.h:198:  [2] (buffer) char:
  Statically-sized arrays can be improperly restricted, leading to potential
  overflows or other issues (CWE-119!/CWE-120). Perform bounds checking, use
  functions that limit length, or ensure that the size is larger than the
  maximum possible length.
src/include/protocol/smb1pdu.h:203:  [2] (buffer) char:
  Statically-sized arrays can be improperly restricted, leading to potential
  overflows or other issues (CWE-119!/CWE-120). Perform bounds checking, use
  functions that limit length, or ensure that the size is larger than the
  maximum possible length.
src/include/protocol/smb1pdu.h:204:  [2] (buffer) char:
  Statically-sized arrays can be improperly restricted, leading to potential
  overflows or other issues (CWE-119!/CWE-120). Perform bounds checking, use
  functions that limit length, or ensure that the size is larger than the
  maximum possible length.
src/include/protocol/smb1pdu.h:259:  [2] (buffer) char:
  Statically-sized arrays can be improperly restricted, leading to potential
  overflows or other issues (CWE-119!/CWE-120). Perform bounds checking, use
  functions that limit length, or ensure that the size is larger than the
  maximum possible length.
src/include/protocol/smb1pdu.h:271:  [2] (buffer) char:
  Statically-sized arrays can be improperly restricted, leading to potential
  overflows or other issues (CWE-119!/CWE-120). Perform bounds checking, use
  functions that limit length, or ensure that the size is larger than the
  maximum possible length.
src/include/protocol/smb1pdu.h:297:  [2] (buffer) char:
  Statically-sized arrays can be improperly restricted, leading to potential
  overflows or other issues (CWE-119!/CWE-120). Perform bounds checking, use
  functions that limit length, or ensure that the size is larger than the
  maximum possible length.
src/include/protocol/smb1pdu.h:326:  [2] (buffer) char:
  Statically-sized arrays can be improperly restricted, leading to potential
  overflows or other issues (CWE-119!/CWE-120). Perform bounds checking, use
  functions that limit length, or ensure that the size is larger than the
  maximum possible length.
src/include/protocol/smb1pdu.h:345:  [2] (buffer) char:
  Statically-sized arrays can be improperly restricted, leading to potential
  overflows or other issues (CWE-119!/CWE-120). Perform bounds checking, use
  functions that limit length, or ensure that the size is larger than the
  maximum possible length.
src/include/protocol/smb1pdu.h:361:  [2] (buffer) char:
  Statically-sized arrays can be improperly restricted, leading to potential
  overflows or other issues (CWE-119!/CWE-120). Perform bounds checking, use
  functions that limit length, or ensure that the size is larger than the
  maximum possible length.
src/include/protocol/smb1pdu.h:374:  [2] (buffer) char:
  Statically-sized arrays can be improperly restricted, leading to potential
  overflows or other issues (CWE-119!/CWE-120). Perform bounds checking, use
  functions that limit length, or ensure that the size is larger than the
  maximum possible length.
src/include/protocol/smb1pdu.h:394:  [2] (buffer) char:
  Statically-sized arrays can be improperly restricted, leading to potential
  overflows or other issues (CWE-119!/CWE-120). Perform bounds checking, use
  functions that limit length, or ensure that the size is larger than the
  maximum possible length.
src/include/protocol/smb1pdu.h:406:  [2] (buffer) char:
  Statically-sized arrays can be improperly restricted, leading to potential
  overflows or other issues (CWE-119!/CWE-120). Perform bounds checking, use
  functions that limit length, or ensure that the size is larger than the
  maximum possible length.
src/include/protocol/smb1pdu.h:419:  [2] (buffer) char:
  Statically-sized arrays can be improperly restricted, leading to potential
  overflows or other issues (CWE-119!/CWE-120). Perform bounds checking, use
  functions that limit length, or ensure that the size is larger than the
  maximum possible length.
src/include/protocol/smb1pdu.h:463:  [2] (buffer) char:
  Statically-sized arrays can be improperly restricted, leading to potential
  overflows or other issues (CWE-119!/CWE-120). Perform bounds checking, use
  functions that limit length, or ensure that the size is larger than the
  maximum possible length.
src/include/protocol/smb1pdu.h:573:  [2] (buffer) char:
  Statically-sized arrays can be improperly restricted, leading to potential
  overflows or other issues (CWE-119!/CWE-120). Perform bounds checking, use
  functions that limit length, or ensure that the size is larger than the
  maximum possible length.
src/include/protocol/smb1pdu.h:655:  [2] (buffer) char:
  Statically-sized arrays can be improperly restricted, leading to potential
  overflows or other issues (CWE-119!/CWE-120). Perform bounds checking, use
  functions that limit length, or ensure that the size is larger than the
  maximum possible length.
src/include/protocol/smb1pdu.h:662:  [2] (buffer) char:
  Statically-sized arrays can be improperly restricted, leading to potential
  overflows or other issues (CWE-119!/CWE-120). Perform bounds checking, use
  functions that limit length, or ensure that the size is larger than the
  maximum possible length.
src/include/protocol/smb1pdu.h:852:  [2] (buffer) char:
  Statically-sized arrays can be improperly restricted, leading to potential
  overflows or other issues (CWE-119!/CWE-120). Perform bounds checking, use
  functions that limit length, or ensure that the size is larger than the
  maximum possible length.
src/include/protocol/smb1pdu.h:869:  [2] (buffer) char:
  Statically-sized arrays can be improperly restricted, leading to potential
  overflows or other issues (CWE-119!/CWE-120). Perform bounds checking, use
  functions that limit length, or ensure that the size is larger than the
  maximum possible length.
src/include/protocol/smb1pdu.h:1024:  [2] (buffer) char:
  Statically-sized arrays can be improperly restricted, leading to potential
  overflows or other issues (CWE-119!/CWE-120). Perform bounds checking, use
  functions that limit length, or ensure that the size is larger than the
  maximum possible length.
src/include/protocol/smb1pdu.h:1030:  [2] (buffer) char:
  Statically-sized arrays can be improperly restricted, leading to potential
  overflows or other issues (CWE-119!/CWE-120). Perform bounds checking, use
  functions that limit length, or ensure that the size is larger than the
  maximum possible length.
src/include/protocol/smb1pdu.h:1060:  [2] (buffer) char:
  Statically-sized arrays can be improperly restricted, leading to potential
  overflows or other issues (CWE-119!/CWE-120). Perform bounds checking, use
  functions that limit length, or ensure that the size is larger than the
  maximum possible length.
src/include/protocol/smb1pdu.h:1065:  [2] (buffer) char:
  Statically-sized arrays can be improperly restricted, leading to potential
  overflows or other issues (CWE-119!/CWE-120). Perform bounds checking, use
  functions that limit length, or ensure that the size is larger than the
  maximum possible length.
src/include/protocol/smb1pdu.h:1084:  [2] (buffer) char:
  Statically-sized arrays can be improperly restricted, leading to potential
  overflows or other issues (CWE-119!/CWE-120). Perform bounds checking, use
  functions that limit length, or ensure that the size is larger than the
  maximum possible length.
src/include/protocol/smb1pdu.h:1137:  [2] (buffer) char:
  Statically-sized arrays can be improperly restricted, leading to potential
  overflows or other issues (CWE-119!/CWE-120). Perform bounds checking, use
  functions that limit length, or ensure that the size is larger than the
  maximum possible length.
src/include/protocol/smb1pdu.h:1302:  [2] (buffer) char:
  Statically-sized arrays can be improperly restricted, leading to potential
  overflows or other issues (CWE-119!/CWE-120). Perform bounds checking, use
  functions that limit length, or ensure that the size is larger than the
  maximum possible length.
src/include/protocol/smb1pdu.h:1317:  [2] (buffer) char:
  Statically-sized arrays can be improperly restricted, leading to potential
  overflows or other issues (CWE-119!/CWE-120). Perform bounds checking, use
  functions that limit length, or ensure that the size is larger than the
  maximum possible length.
src/include/protocol/smb1pdu.h:1324:  [2] (buffer) char:
  Statically-sized arrays can be improperly restricted, leading to potential
  overflows or other issues (CWE-119!/CWE-120). Perform bounds checking, use
  functions that limit length, or ensure that the size is larger than the
  maximum possible length.
src/include/protocol/smb1pdu.h:1371:  [2] (buffer) char:
  Statically-sized arrays can be improperly restricted, leading to potential
  overflows or other issues (CWE-119!/CWE-120). Perform bounds checking, use
  functions that limit length, or ensure that the size is larger than the
  maximum possible length.
src/include/protocol/smb1pdu.h:1383:  [2] (buffer) char:
  Statically-sized arrays can be improperly restricted, leading to potential
  overflows or other issues (CWE-119!/CWE-120). Perform bounds checking, use
  functions that limit length, or ensure that the size is larger than the
  maximum possible length.
src/include/protocol/smb1pdu.h:1400:  [2] (buffer) char:
  Statically-sized arrays can be improperly restricted, leading to potential
  overflows or other issues (CWE-119!/CWE-120). Perform bounds checking, use
  functions that limit length, or ensure that the size is larger than the
  maximum possible length.
src/include/protocol/smb1pdu.h:1413:  [2] (buffer) char:
  Statically-sized arrays can be improperly restricted, leading to potential
  overflows or other issues (CWE-119!/CWE-120). Perform bounds checking, use
  functions that limit length, or ensure that the size is larger than the
  maximum possible length.
src/include/protocol/smb1pdu.h:1430:  [2] (buffer) char:
  Statically-sized arrays can be improperly restricted, leading to potential
  overflows or other issues (CWE-119!/CWE-120). Perform bounds checking, use
  functions that limit length, or ensure that the size is larger than the
  maximum possible length.
src/include/protocol/smb1pdu.h:1439:  [2] (buffer) char:
  Statically-sized arrays can be improperly restricted, leading to potential
  overflows or other issues (CWE-119!/CWE-120). Perform bounds checking, use
  functions that limit length, or ensure that the size is larger than the
  maximum possible length.
src/include/protocol/smb1pdu.h:1501:  [2] (buffer) char:
  Statically-sized arrays can be improperly restricted, leading to potential
  overflows or other issues (CWE-119!/CWE-120). Perform bounds checking, use
  functions that limit length, or ensure that the size is larger than the
  maximum possible length.
src/include/protocol/smb1pdu.h:1553:  [2] (buffer) char:
  Statically-sized arrays can be improperly restricted, leading to potential
  overflows or other issues (CWE-119!/CWE-120). Perform bounds checking, use
  functions that limit length, or ensure that the size is larger than the
  maximum possible length.
src/include/protocol/smb1pdu.h:1560:  [2] (buffer) char:
  Statically-sized arrays can be improperly restricted, leading to potential
  overflows or other issues (CWE-119!/CWE-120). Perform bounds checking, use
  functions that limit length, or ensure that the size is larger than the
  maximum possible length.
src/include/protocol/smb1pdu.h:1595:  [2] (buffer) char:
  Statically-sized arrays can be improperly restricted, leading to potential
  overflows or other issues (CWE-119!/CWE-120). Perform bounds checking, use
  functions that limit length, or ensure that the size is larger than the
  maximum possible length.
src/include/protocol/smb2pdu.h:1117:  [2] (buffer) char:
  Statically-sized arrays can be improperly restricted, leading to potential
  overflows or other issues (CWE-119!/CWE-120). Perform bounds checking, use
  functions that limit length, or ensure that the size is larger than the
  maximum possible length.
src/include/protocol/smb2pdu.h:1639:  [2] (buffer) char:
  Statically-sized arrays can be improperly restricted, leading to potential
  overflows or other issues (CWE-119!/CWE-120). Perform bounds checking, use
  functions that limit length, or ensure that the size is larger than the
  maximum possible length.
src/include/protocol/smb_common.h:332:  [2] (buffer) char:
  Statically-sized arrays can be improperly restricted, leading to potential
  overflows or other issues (CWE-119!/CWE-120). Perform bounds checking, use
  functions that limit length, or ensure that the size is larger than the
  maximum possible length.
src/include/protocol/smb_common.h:336:  [2] (buffer) char:
  Statically-sized arrays can be improperly restricted, leading to potential
  overflows or other issues (CWE-119!/CWE-120). Perform bounds checking, use
  functions that limit length, or ensure that the size is larger than the
  maximum possible length.
src/mgmt/ksmbd_witness.c:45:  [2] (buffer) char:
  Statically-sized arrays can be improperly restricted, leading to potential
  overflows or other issues (CWE-119!/CWE-120). Perform bounds checking, use
  functions that limit length, or ensure that the size is larger than the
  maximum possible length.
src/mgmt/ksmbd_witness.c:506:  [2] (buffer) char:
  Statically-sized arrays can be improperly restricted, leading to potential
  overflows or other issues (CWE-119!/CWE-120). Perform bounds checking, use
  functions that limit length, or ensure that the size is larger than the
  maximum possible length.
src/mgmt/ksmbd_witness.h:59:  [2] (buffer) char:
  Statically-sized arrays can be improperly restricted, leading to potential
  overflows or other issues (CWE-119!/CWE-120). Perform bounds checking, use
  functions that limit length, or ensure that the size is larger than the
  maximum possible length.
src/mgmt/ksmbd_witness.h:73:  [2] (buffer) char:
  Statically-sized arrays can be improperly restricted, leading to potential
  overflows or other issues (CWE-119!/CWE-120). Perform bounds checking, use
  functions that limit length, or ensure that the size is larger than the
  maximum possible length.
src/mgmt/ksmbd_witness.h:74:  [2] (buffer) char:
  Statically-sized arrays can be improperly restricted, leading to potential
  overflows or other issues (CWE-119!/CWE-120). Perform bounds checking, use
  functions that limit length, or ensure that the size is larger than the
  maximum possible length.
src/mgmt/user_config.c:51:  [2] (buffer) memcpy:
  Does not check for buffer overflows when copying to destination (CWE-120).
  Make sure destination can always hold the source data.
src/mgmt/user_session.c:248:  [2] (buffer) memcpy:
  Does not check for buffer overflows when copying to destination (CWE-120).
  Make sure destination can always hold the source data.
src/mgmt/user_session.c:439:  [2] (buffer) memcpy:
  Does not check for buffer overflows when copying to destination (CWE-120).
  Make sure destination can always hold the source data.
src/mgmt/user_session.h:42:  [2] (buffer) char:
  Statically-sized arrays can be improperly restricted, leading to potential
  overflows or other issues (CWE-119!/CWE-120). Perform bounds checking, use
  functions that limit length, or ensure that the size is larger than the
  maximum possible length.
src/mgmt/user_session.h:56:  [2] (buffer) char:
  Statically-sized arrays can be improperly restricted, leading to potential
  overflows or other issues (CWE-119!/CWE-120). Perform bounds checking, use
  functions that limit length, or ensure that the size is larger than the
  maximum possible length.
src/protocol/common/smb_common.c:557:  [2] (buffer) char:
  Statically-sized arrays can be improperly restricted, leading to potential
  overflows or other issues (CWE-119!/CWE-120). Perform bounds checking, use
  functions that limit length, or ensure that the size is larger than the
  maximum possible length.
src/protocol/common/smb_common.c:558:  [2] (buffer) char:
  Statically-sized arrays can be improperly restricted, leading to potential
  overflows or other issues (CWE-119!/CWE-120). Perform bounds checking, use
  functions that limit length, or ensure that the size is larger than the
  maximum possible length.
src/protocol/common/smb_common.c:600:  [2] (buffer) memcpy:
  Does not check for buffer overflows when copying to destination (CWE-120).
  Make sure destination can always hold the source data.
src/protocol/common/smb_common.c:613:  [2] (buffer) memcpy:
  Does not check for buffer overflows when copying to destination (CWE-120).
  Make sure destination can always hold the source data.
src/protocol/smb1/smb1pdu.c:128:  [2] (buffer) memcpy:
  Does not check for buffer overflows when copying to destination (CWE-120).
  Make sure destination can always hold the source data.
src/protocol/smb1/smb1pdu.c:272:  [2] (buffer) memcpy:
  Does not check for buffer overflows when copying to destination (CWE-120).
  Make sure destination can always hold the source data.
src/protocol/smb1/smb1pdu.c:904:  [2] (buffer) memcpy:
  Does not check for buffer overflows when copying to destination (CWE-120).
  Make sure destination can always hold the source data.
src/protocol/smb1/smb1pdu.c:1108:  [2] (buffer) memcpy:
  Does not check for buffer overflows when copying to destination (CWE-120).
  Make sure destination can always hold the source data.
src/protocol/smb1/smb1pdu.c:1244:  [2] (buffer) memcpy:
  Does not check for buffer overflows when copying to destination (CWE-120).
  Make sure destination can always hold the source data.
src/protocol/smb1/smb1pdu.c:1249:  [2] (buffer) memcpy:
  Does not check for buffer overflows when copying to destination (CWE-120).
  Make sure destination can always hold the source data.
src/protocol/smb1/smb1pdu.c:1254:  [2] (buffer) memcpy:
  Does not check for buffer overflows when copying to destination (CWE-120).
  Make sure destination can always hold the source data.
src/protocol/smb1/smb1pdu.c:1345:  [2] (buffer) memcpy:
  Does not check for buffer overflows when copying to destination (CWE-120).
  Make sure destination can always hold the source data.
src/protocol/smb1/smb1pdu.c:1425:  [2] (buffer) memcpy:
  Does not check for buffer overflows when copying to destination (CWE-120).
  Make sure destination can always hold the source data.
src/protocol/smb1/smb1pdu.c:2414:  [2] (buffer) memcpy:
  Does not check for buffer overflows when copying to destination (CWE-120).
  Make sure destination can always hold the source data.
src/protocol/smb1/smb1pdu.c:2458:  [2] (buffer) memcpy:
  Does not check for buffer overflows when copying to destination (CWE-120).
  Make sure destination can always hold the source data.
src/protocol/smb1/smb1pdu.c:2715:  [2] (buffer) memcpy:
  Does not check for buffer overflows when copying to destination (CWE-120).
  Make sure destination can always hold the source data.
src/protocol/smb1/smb1pdu.c:2718:  [2] (buffer) memcpy:
  Does not check for buffer overflows when copying to destination (CWE-120).
  Make sure destination can always hold the source data.
src/protocol/smb1/smb1pdu.c:3262:  [2] (buffer) memcpy:
  Does not check for buffer overflows when copying to destination (CWE-120).
  Make sure destination can always hold the source data.
src/protocol/smb1/smb1pdu.c:3698:  [2] (buffer) memcpy:
  Does not check for buffer overflows when copying to destination (CWE-120).
  Make sure destination can always hold the source data.
src/protocol/smb1/smb1pdu.c:4251:  [2] (buffer) memcpy:
  Does not check for buffer overflows when copying to destination (CWE-120).
  Make sure destination can always hold the source data.
src/protocol/smb1/smb1pdu.c:4408:  [2] (buffer) memcpy:
  Does not check for buffer overflows when copying to destination (CWE-120).
  Make sure destination can always hold the source data.
src/protocol/smb1/smb1pdu.c:4414:  [2] (buffer) memcpy:
  Does not check for buffer overflows when copying to destination (CWE-120).
  Make sure destination can always hold the source data.
src/protocol/smb1/smb1pdu.c:4417:  [2] (buffer) memcpy:
  Does not check for buffer overflows when copying to destination (CWE-120).
  Make sure destination can always hold the source data.
src/protocol/smb1/smb1pdu.c:5886:  [2] (buffer) memcpy:
  Does not check for buffer overflows when copying to destination (CWE-120).
  Make sure destination can always hold the source data.
src/protocol/smb1/smb1pdu.c:5887:  [2] (buffer) memcpy:
  Does not check for buffer overflows when copying to destination (CWE-120).
  Make sure destination can always hold the source data.
src/protocol/smb1/smb1pdu.c:6292:  [2] (buffer) memcpy:
  Does not check for buffer overflows when copying to destination (CWE-120).
  Make sure destination can always hold the source data.
src/protocol/smb1/smb1pdu.c:6321:  [2] (buffer) memcpy:
  Does not check for buffer overflows when copying to destination (CWE-120).
  Make sure destination can always hold the source data.
src/protocol/smb1/smb1pdu.c:6332:  [2] (buffer) memcpy:
  Does not check for buffer overflows when copying to destination (CWE-120).
  Make sure destination can always hold the source data.
src/protocol/smb1/smb1pdu.c:6347:  [2] (buffer) memcpy:
  Does not check for buffer overflows when copying to destination (CWE-120).
  Make sure destination can always hold the source data.
src/protocol/smb1/smb1pdu.c:6360:  [2] (buffer) memcpy:
  Does not check for buffer overflows when copying to destination (CWE-120).
  Make sure destination can always hold the source data.
src/protocol/smb1/smb1pdu.c:6378:  [2] (buffer) memcpy:
  Does not check for buffer overflows when copying to destination (CWE-120).
  Make sure destination can always hold the source data.
src/protocol/smb1/smb1pdu.c:6395:  [2] (buffer) memcpy:
  Does not check for buffer overflows when copying to destination (CWE-120).
  Make sure destination can always hold the source data.
src/protocol/smb1/smb1pdu.c:6414:  [2] (buffer) memcpy:
  Does not check for buffer overflows when copying to destination (CWE-120).
  Make sure destination can always hold the source data.
src/protocol/smb1/smb1pdu.c:6432:  [2] (buffer) memcpy:
  Does not check for buffer overflows when copying to destination (CWE-120).
  Make sure destination can always hold the source data.
src/protocol/smb1/smb1pdu.c:6490:  [2] (buffer) memcpy:
  Does not check for buffer overflows when copying to destination (CWE-120).
  Make sure destination can always hold the source data.
src/protocol/smb1/smb1pdu.c:6695:  [2] (buffer) memcpy:
  Does not check for buffer overflows when copying to destination (CWE-120).
  Make sure destination can always hold the source data.
src/protocol/smb1/smb1pdu.c:6941:  [2] (buffer) memcpy:
  Does not check for buffer overflows when copying to destination (CWE-120).
  Make sure destination can always hold the source data.
src/protocol/smb1/smb1pdu.c:9289:  [2] (buffer) char:
  Statically-sized arrays can be improperly restricted, leading to potential
  overflows or other issues (CWE-119!/CWE-120). Perform bounds checking, use
  functions that limit length, or ensure that the size is larger than the
  maximum possible length.
src/protocol/smb1/smb1pdu.c:9290:  [2] (buffer) char:
  Statically-sized arrays can be improperly restricted, leading to potential
  overflows or other issues (CWE-119!/CWE-120). Perform bounds checking, use
  functions that limit length, or ensure that the size is larger than the
  maximum possible length.
src/protocol/smb1/smb1pdu.c:9293:  [2] (buffer) memcpy:
  Does not check for buffer overflows when copying to destination (CWE-120).
  Make sure destination can always hold the source data.
src/protocol/smb1/smb1pdu.c:9321:  [2] (buffer) char:
  Statically-sized arrays can be improperly restricted, leading to potential
  overflows or other issues (CWE-119!/CWE-120). Perform bounds checking, use
  functions that limit length, or ensure that the size is larger than the
  maximum possible length.
src/protocol/smb1/smb1pdu.c:9345:  [2] (buffer) memcpy:
  Does not check for buffer overflows when copying to destination (CWE-120).
  Make sure destination can always hold the source data.
src/protocol/smb2/smb2_create.c:259:  [2] (buffer) memcpy:
  Does not check for buffer overflows when copying to destination (CWE-120).
  Make sure destination can always hold the source data.
src/protocol/smb2/smb2_create.c:260:  [2] (buffer) memcpy:
  Does not check for buffer overflows when copying to destination (CWE-120).
  Make sure destination can always hold the source data.
src/protocol/smb2/smb2_create.c:917:  [2] (buffer) memcpy:
  Does not check for buffer overflows when copying to destination (CWE-120).
  Make sure destination can always hold the source data.
src/protocol/smb2/smb2_create.c:1255:  [2] (buffer) char:
  Statically-sized arrays can be improperly restricted, leading to potential
  overflows or other issues (CWE-119!/CWE-120). Perform bounds checking, use
  functions that limit length, or ensure that the size is larger than the
  maximum possible length.
src/protocol/smb2/smb2_create.c:1885:  [2] (buffer) memcpy:
  Does not check for buffer overflows when copying to destination (CWE-120).
  Make sure destination can always hold the source data.
src/protocol/smb2/smb2_create.c:1932:  [2] (buffer) memcpy:
  Does not check for buffer overflows when copying to destination (CWE-120).
  Make sure destination can always hold the source data.
src/protocol/smb2/smb2_create.c:1943:  [2] (buffer) memcpy:
  Does not check for buffer overflows when copying to destination (CWE-120).
  Make sure destination can always hold the source data.
src/protocol/smb2/smb2_dir.c:307:  [2] (buffer) memcpy:
  Does not check for buffer overflows when copying to destination (CWE-120).
  Make sure destination can always hold the source data.
src/protocol/smb2/smb2_dir.c:325:  [2] (buffer) memcpy:
  Does not check for buffer overflows when copying to destination (CWE-120).
  Make sure destination can always hold the source data.
src/protocol/smb2/smb2_dir.c:337:  [2] (buffer) memcpy:
  Does not check for buffer overflows when copying to destination (CWE-120).
  Make sure destination can always hold the source data.
src/protocol/smb2/smb2_dir.c:347:  [2] (buffer) memcpy:
  Does not check for buffer overflows when copying to destination (CWE-120).
  Make sure destination can always hold the source data.
src/protocol/smb2/smb2_dir.c:380:  [2] (buffer) memcpy:
  Does not check for buffer overflows when copying to destination (CWE-120).
  Make sure destination can always hold the source data.
src/protocol/smb2/smb2_dir.c:414:  [2] (buffer) memcpy:
  Does not check for buffer overflows when copying to destination (CWE-120).
  Make sure destination can always hold the source data.
src/protocol/smb2/smb2_dir.c:432:  [2] (buffer) memcpy:
  Does not check for buffer overflows when copying to destination (CWE-120).
  Make sure destination can always hold the source data.
src/protocol/smb2/smb2_dir.c:436:  [2] (buffer) memcpy:
  Does not check for buffer overflows when copying to destination (CWE-120).
  Make sure destination can always hold the source data.
src/protocol/smb2/smb2_dir.c:454:  [2] (buffer) memcpy:
  Does not check for buffer overflows when copying to destination (CWE-120).
  Make sure destination can always hold the source data.
src/protocol/smb2/smb2_dir.c:460:  [2] (buffer) memcpy:
  Does not check for buffer overflows when copying to destination (CWE-120).
  Make sure destination can always hold the source data.
src/protocol/smb2/smb2_dir.c:480:  [2] (buffer) memcpy:
  Does not check for buffer overflows when copying to destination (CWE-120).
  Make sure destination can always hold the source data.
src/protocol/smb2/smb2_dir.c:502:  [2] (buffer) memcpy:
  Does not check for buffer overflows when copying to destination (CWE-120).
  Make sure destination can always hold the source data.
src/protocol/smb2/smb2_dir.c:521:  [2] (buffer) memcpy:
  Does not check for buffer overflows when copying to destination (CWE-120).
  Make sure destination can always hold the source data.
src/protocol/smb2/smb2_dir.c:525:  [2] (buffer) memcpy:
  Does not check for buffer overflows when copying to destination (CWE-120).
  Make sure destination can always hold the source data.
src/protocol/smb2/smb2_dir.c:544:  [2] (buffer) memcpy:
  Does not check for buffer overflows when copying to destination (CWE-120).
  Make sure destination can always hold the source data.
src/protocol/smb2/smb2_dir.c:550:  [2] (buffer) memcpy:
  Does not check for buffer overflows when copying to destination (CWE-120).
  Make sure destination can always hold the source data.
src/protocol/smb2/smb2_dir.c:610:  [2] (buffer) memcpy:
  Does not check for buffer overflows when copying to destination (CWE-120).
  Make sure destination can always hold the source data.
src/protocol/smb2/smb2_dir.c:773:  [2] (buffer) memcpy:
  Does not check for buffer overflows when copying to destination (CWE-120).
  Make sure destination can always hold the source data.
src/protocol/smb2/smb2_dir.c:784:  [2] (buffer) memcpy:
  Does not check for buffer overflows when copying to destination (CWE-120).
  Make sure destination can always hold the source data.
src/protocol/smb2/smb2_dir.c:795:  [2] (buffer) memcpy:
  Does not check for buffer overflows when copying to destination (CWE-120).
  Make sure destination can always hold the source data.
src/protocol/smb2/smb2_dir.c:806:  [2] (buffer) memcpy:
  Does not check for buffer overflows when copying to destination (CWE-120).
  Make sure destination can always hold the source data.
src/protocol/smb2/smb2_dir.c:817:  [2] (buffer) memcpy:
  Does not check for buffer overflows when copying to destination (CWE-120).
  Make sure destination can always hold the source data.
src/protocol/smb2/smb2_dir.c:829:  [2] (buffer) memcpy:
  Does not check for buffer overflows when copying to destination (CWE-120).
  Make sure destination can always hold the source data.
src/protocol/smb2/smb2_dir.c:840:  [2] (buffer) memcpy:
  Does not check for buffer overflows when copying to destination (CWE-120).
  Make sure destination can always hold the source data.
src/protocol/smb2/smb2_dir.c:851:  [2] (buffer) memcpy:
  Does not check for buffer overflows when copying to destination (CWE-120).
  Make sure destination can always hold the source data.
src/protocol/smb2/smb2_dir.c:862:  [2] (buffer) memcpy:
  Does not check for buffer overflows when copying to destination (CWE-120).
  Make sure destination can always hold the source data.
src/protocol/smb2/smb2_dir.c:873:  [2] (buffer) memcpy:
  Does not check for buffer overflows when copying to destination (CWE-120).
  Make sure destination can always hold the source data.
src/protocol/smb2/smb2_dir.c:884:  [2] (buffer) memcpy:
  Does not check for buffer overflows when copying to destination (CWE-120).
  Make sure destination can always hold the source data.
src/protocol/smb2/smb2_dir.c:896:  [2] (buffer) memcpy:
  Does not check for buffer overflows when copying to destination (CWE-120).
  Make sure destination can always hold the source data.
src/protocol/smb2/smb2_dir.c:907:  [2] (buffer) memcpy:
  Does not check for buffer overflows when copying to destination (CWE-120).
  Make sure destination can always hold the source data.
src/protocol/smb2/smb2_ioctl.c:319:  [2] (buffer) memcpy:
  Does not check for buffer overflows when copying to destination (CWE-120).
  Make sure destination can always hold the source data.
src/protocol/smb2/smb2_misc_cmds.c:494:  [2] (buffer) memcpy:
  Does not check for buffer overflows when copying to destination (CWE-120).
  Make sure destination can always hold the source data.
src/protocol/smb2/smb2_negotiate.c:792:  [2] (buffer) memcpy:
  Does not check for buffer overflows when copying to destination (CWE-120).
  Make sure destination can always hold the source data.
src/protocol/smb2/smb2_pdu_common.c:440:  [2] (buffer) memcpy:
  Does not check for buffer overflows when copying to destination (CWE-120).
  Make sure destination can always hold the source data.
src/protocol/smb2/smb2_pdu_common.c:519:  [2] (buffer) memcpy:
  Does not check for buffer overflows when copying to destination (CWE-120).
  Make sure destination can always hold the source data.
src/protocol/smb2/smb2_pdu_common.c:717:  [2] (buffer) memcpy:
  Does not check for buffer overflows when copying to destination (CWE-120).
  Make sure destination can always hold the source data.
src/protocol/smb2/smb2_pdu_common.c:802:  [2] (buffer) char:
  Statically-sized arrays can be improperly restricted, leading to potential
  overflows or other issues (CWE-119!/CWE-120). Perform bounds checking, use
  functions that limit length, or ensure that the size is larger than the
  maximum possible length.
src/protocol/smb2/smb2_pdu_common.c:803:  [2] (buffer) char:
  Statically-sized arrays can be improperly restricted, leading to potential
  overflows or other issues (CWE-119!/CWE-120). Perform bounds checking, use
  functions that limit length, or ensure that the size is larger than the
  maximum possible length.
src/protocol/smb2/smb2_pdu_common.c:822:  [2] (buffer) memcpy:
  Does not check for buffer overflows when copying to destination (CWE-120).
  Make sure destination can always hold the source data.
src/protocol/smb2/smb2_pdu_common.c:848:  [2] (buffer) char:
  Statically-sized arrays can be improperly restricted, leading to potential
  overflows or other issues (CWE-119!/CWE-120). Perform bounds checking, use
  functions that limit length, or ensure that the size is larger than the
  maximum possible length.
src/protocol/smb2/smb2_pdu_common.c:867:  [2] (buffer) memcpy:
  Does not check for buffer overflows when copying to destination (CWE-120).
  Make sure destination can always hold the source data.
src/protocol/smb2/smb2_pdu_common.c:882:  [2] (buffer) char:
  Statically-sized arrays can be improperly restricted, leading to potential
  overflows or other issues (CWE-119!/CWE-120). Perform bounds checking, use
  functions that limit length, or ensure that the size is larger than the
  maximum possible length.
src/protocol/smb2/smb2_pdu_common.c:883:  [2] (buffer) char:
  Statically-sized arrays can be improperly restricted, leading to potential
  overflows or other issues (CWE-119!/CWE-120). Perform bounds checking, use
  functions that limit length, or ensure that the size is larger than the
  maximum possible length.
src/protocol/smb2/smb2_pdu_common.c:917:  [2] (buffer) memcpy:
  Does not check for buffer overflows when copying to destination (CWE-120).
  Make sure destination can always hold the source data.
src/protocol/smb2/smb2_pdu_common.c:949:  [2] (buffer) char:
  Statically-sized arrays can be improperly restricted, leading to potential
  overflows or other issues (CWE-119!/CWE-120). Perform bounds checking, use
  functions that limit length, or ensure that the size is larger than the
  maximum possible length.
src/protocol/smb2/smb2_pdu_common.c:992:  [2] (buffer) memcpy:
  Does not check for buffer overflows when copying to destination (CWE-120).
  Make sure destination can always hold the source data.
src/protocol/smb2/smb2_pdu_common.c:1081:  [2] (buffer) memcpy:
  Does not check for buffer overflows when copying to destination (CWE-120).
  Make sure destination can always hold the source data.
src/protocol/smb2/smb2_pdu_common.c:1084:  [2] (buffer) memcpy:
  Does not check for buffer overflows when copying to destination (CWE-120).
  Make sure destination can always hold the source data.
src/protocol/smb2/smb2_pdu_common.c:1102:  [2] (buffer) memcpy:
  Does not check for buffer overflows when copying to destination (CWE-120).
  Make sure destination can always hold the source data.
src/protocol/smb2/smb2_query_set.c:292:  [2] (buffer) memcpy:
  Does not check for buffer overflows when copying to destination (CWE-120).
  Make sure destination can always hold the source data.
src/protocol/smb2/smb2_query_set.c:300:  [2] (buffer) memcpy:
  Does not check for buffer overflows when copying to destination (CWE-120).
  Make sure destination can always hold the source data.
src/protocol/smb2/smb2_query_set.c:303:  [2] (buffer) memcpy:
  Does not check for buffer overflows when copying to destination (CWE-120).
  Make sure destination can always hold the source data.
src/protocol/smb2/smb2_query_set.c:970:  [2] (buffer) memcpy:
  Does not check for buffer overflows when copying to destination (CWE-120).
  Make sure destination can always hold the source data.
src/protocol/smb2/smb2_query_set.c:971:  [2] (buffer) memcpy:
  Does not check for buffer overflows when copying to destination (CWE-120).
  Make sure destination can always hold the source data.
src/protocol/smb2/smb2_query_set.c:972:  [2] (buffer) memcpy:
  Does not check for buffer overflows when copying to destination (CWE-120).
  Make sure destination can always hold the source data.
src/protocol/smb2/smb2_query_set.c:996:  [2] (buffer) memcpy:
  Does not check for buffer overflows when copying to destination (CWE-120).
  Make sure destination can always hold the source data.
src/protocol/smb2/smb2_query_set.c:1405:  [2] (buffer) memcpy:
  Does not check for buffer overflows when copying to destination (CWE-120).
  Make sure destination can always hold the source data.
src/protocol/smb2/smb2_query_set.c:2409:  [2] (buffer) memcpy:
  Does not check for buffer overflows when copying to destination (CWE-120).
  Make sure destination can always hold the source data.
src/protocol/smb2/smb2_read_write.c:102:  [2] (buffer) memcpy:
  Does not check for buffer overflows when copying to destination (CWE-120).
  Make sure destination can always hold the source data.
src/protocol/smb2/smb2_session.c:191:  [2] (buffer) memcpy:
  Does not check for buffer overflows when copying to destination (CWE-120).
  Make sure destination can always hold the source data.
src/protocol/smb2/smb2_session.c:279:  [2] (buffer) memcpy:
  Does not check for buffer overflows when copying to destination (CWE-120).
  Make sure destination can always hold the source data.
src/protocol/smb2/smb2fruit.c:390:  [2] (buffer) memcpy:
  Does not check for buffer overflows when copying to destination (CWE-120).
  Make sure destination can always hold the source data.
src/protocol/smb2/smb2fruit.c:393:  [2] (buffer) memcpy:
  Does not check for buffer overflows when copying to destination (CWE-120).
  Make sure destination can always hold the source data.
src/protocol/smb2/smb2fruit.c:398:  [2] (buffer) memcpy:
  Does not check for buffer overflows when copying to destination (CWE-120).
  Make sure destination can always hold the source data.
src/protocol/smb2/smb2fruit.c:482:  [2] (buffer) memcpy:
  Does not check for buffer overflows when copying to destination (CWE-120).
  Make sure destination can always hold the source data.
src/protocol/smb2/smb2fruit.c:485:  [2] (buffer) memcpy:
  Does not check for buffer overflows when copying to destination (CWE-120).
  Make sure destination can always hold the source data.
src/protocol/smb2/smb2fruit.c:488:  [2] (buffer) memcpy:
  Does not check for buffer overflows when copying to destination (CWE-120).
  Make sure destination can always hold the source data.
src/transport/transport_ipc.c:388:  [2] (buffer) memcpy:
  Does not check for buffer overflows when copying to destination (CWE-120).
  Make sure destination can always hold the source data.
src/transport/transport_ipc.c:767:  [2] (buffer) memcpy:
  Does not check for buffer overflows when copying to destination (CWE-120).
  Make sure destination can always hold the source data.
src/transport/transport_ipc.c:954:  [2] (buffer) memcpy:
  Does not check for buffer overflows when copying to destination (CWE-120).
  Make sure destination can always hold the source data.
src/transport/transport_ipc.c:1013:  [2] (buffer) memcpy:
  Does not check for buffer overflows when copying to destination (CWE-120).
  Make sure destination can always hold the source data.
src/transport/transport_ipc.c:1041:  [2] (buffer) memcpy:
  Does not check for buffer overflows when copying to destination (CWE-120).
  Make sure destination can always hold the source data.
src/transport/transport_ipc.c:1138:  [2] (buffer) memcpy:
  Does not check for buffer overflows when copying to destination (CWE-120).
  Make sure destination can always hold the source data.
src/transport/transport_ipc.c:1177:  [2] (buffer) memcpy:
  Does not check for buffer overflows when copying to destination (CWE-120).
  Make sure destination can always hold the source data.
src/transport/transport_quic.c:128:  [2] (buffer) memcpy:
  Does not check for buffer overflows when copying to destination (CWE-120).
  Make sure destination can always hold the source data.
src/transport/transport_quic.c:402:  [2] (buffer) memcpy:
  Does not check for buffer overflows when copying to destination (CWE-120).
  Make sure destination can always hold the source data.
src/transport/transport_quic.c:542:  [2] (buffer) memcpy:
  Does not check for buffer overflows when copying to destination (CWE-120).
  Make sure destination can always hold the source data.
src/transport/transport_rdma.c:824:  [2] (buffer) memcpy:
  Does not check for buffer overflows when copying to destination (CWE-120).
  Make sure destination can always hold the source data.
src/transport/transport_rdma.c:1986:  [2] (buffer) char:
  Statically-sized arrays can be improperly restricted, leading to potential
  overflows or other issues (CWE-119!/CWE-120). Perform bounds checking, use
  functions that limit length, or ensure that the size is larger than the
  maximum possible length.
src/transport/transport_tcp.c:106:  [2] (buffer) memcpy:
  Does not check for buffer overflows when copying to destination (CWE-120).
  Make sure destination can always hold the source data.
src/transport/transport_tcp.c:167:  [2] (buffer) memcpy:
  Does not check for buffer overflows when copying to destination (CWE-120).
  Make sure destination can always hold the source data.
src/core/auth.c:263:  [1] (buffer) strlen:
  Does not handle strings that are not \0-terminated; if given one it may
  perform an over-read (it could cause a crash if unprotected) (CWE-126).
src/core/auth.c:287:  [1] (buffer) strlen:
  Does not handle strings that are not \0-terminated; if given one it may
  perform an over-read (it could cause a crash if unprotected) (CWE-126).
src/core/auth.c:746:  [1] (buffer) strlen:
  Does not handle strings that are not \0-terminated; if given one it may
  perform an over-read (it could cause a crash if unprotected) (CWE-126).
src/core/connection.c:552:  [1] (buffer) read:
  Check buffer boundaries if used in a loop including recursive loops
  (CWE-120, CWE-20).
src/core/connection.c:595:  [1] (buffer) read:
  Check buffer boundaries if used in a loop including recursive loops
  (CWE-120, CWE-20).
src/core/misc.c:191:  [1] (buffer) strlen:
  Does not handle strings that are not \0-terminated; if given one it may
  perform an over-read (it could cause a crash if unprotected) (CWE-126).
src/core/misc.c:230:  [1] (buffer) strlen:
  Does not handle strings that are not \0-terminated; if given one it may
  perform an over-read (it could cause a crash if unprotected) (CWE-126).
src/core/misc.c:253:  [1] (buffer) strlen:
  Does not handle strings that are not \0-terminated; if given one it may
  perform an over-read (it could cause a crash if unprotected) (CWE-126).
src/core/misc.c:310:  [1] (buffer) strlen:
  Does not handle strings that are not \0-terminated; if given one it may
  perform an over-read (it could cause a crash if unprotected) (CWE-126).
src/core/misc.c:334:  [1] (buffer) strlen:
  Does not handle strings that are not \0-terminated; if given one it may
  perform an over-read (it could cause a crash if unprotected) (CWE-126).
src/core/misc.c:410:  [1] (buffer) strlen:
  Does not handle strings that are not \0-terminated; if given one it may
  perform an over-read (it could cause a crash if unprotected) (CWE-126).
src/encoding/ndr.c:106:  [1] (buffer) strlen:
  Does not handle strings that are not \0-terminated; if given one it may
  perform an over-read (it could cause a crash if unprotected) (CWE-126).
src/fs/ksmbd_dfs.c:159:  [1] (buffer) strlen:
  Does not handle strings that are not \0-terminated; if given one it may
  perform an over-read (it could cause a crash if unprotected) (CWE-126).
src/fs/ksmbd_dfs.c:164:  [1] (buffer) strlen:
  Does not handle strings that are not \0-terminated; if given one it may
  perform an over-read (it could cause a crash if unprotected) (CWE-126).
src/fs/ksmbd_reparse.c:142:  [1] (buffer) strlen:
  Does not handle strings that are not \0-terminated; if given one it may
  perform an over-read (it could cause a crash if unprotected) (CWE-126).
src/fs/ksmbd_reparse.c:751:  [1] (buffer) strlen:
  Does not handle strings that are not \0-terminated; if given one it may
  perform an over-read (it could cause a crash if unprotected) (CWE-126).
src/fs/oplock.c:2077:  [1] (buffer) strlen:
  Does not handle strings that are not \0-terminated; if given one it may
  perform an over-read (it could cause a crash if unprotected) (CWE-126).
src/fs/vfs.c:598:  [1] (buffer) strlen:
  Does not handle strings that are not \0-terminated; if given one it may
  perform an over-read (it could cause a crash if unprotected) (CWE-126).
src/fs/vfs.c:599:  [1] (buffer) strlen:
  Does not handle strings that are not \0-terminated; if given one it may
  perform an over-read (it could cause a crash if unprotected) (CWE-126).
src/fs/vfs.c:1301:  [1] (buffer) strlen:
  Does not handle strings that are not \0-terminated; if given one it may
  perform an over-read (it could cause a crash if unprotected) (CWE-126).
src/fs/vfs.c:1342:  [1] (buffer) strlen:
  Does not handle strings that are not \0-terminated; if given one it may
  perform an over-read (it could cause a crash if unprotected) (CWE-126).
src/fs/vfs.c:1851:  [1] (buffer) strlen:
  Does not handle strings that are not \0-terminated; if given one it may
  perform an over-read (it could cause a crash if unprotected) (CWE-126).
src/fs/vfs.c:1854:  [1] (buffer) strlen:
  Does not handle strings that are not \0-terminated; if given one it may
  perform an over-read (it could cause a crash if unprotected) (CWE-126).
src/fs/vfs.c:1858:  [1] (buffer) strlen:
  Does not handle strings that are not \0-terminated; if given one it may
  perform an over-read (it could cause a crash if unprotected) (CWE-126).
src/fs/vfs.c:2103:  [1] (buffer) strlen:
  Does not handle strings that are not \0-terminated; if given one it may
  perform an over-read (it could cause a crash if unprotected) (CWE-126).
src/fs/vfs.c:2143:  [1] (buffer) strlen:
  Does not handle strings that are not \0-terminated; if given one it may
  perform an over-read (it could cause a crash if unprotected) (CWE-126).
src/fs/vfs.c:2436:  [1] (buffer) strlen:
  Does not handle strings that are not \0-terminated; if given one it may
  perform an over-read (it could cause a crash if unprotected) (CWE-126).
src/fs/vfs.c:2437:  [1] (buffer) strlen:
  Does not handle strings that are not \0-terminated; if given one it may
  perform an over-read (it could cause a crash if unprotected) (CWE-126).
src/fs/vfs.c:2483:  [1] (buffer) strlen:
  Does not handle strings that are not \0-terminated; if given one it may
  perform an over-read (it could cause a crash if unprotected) (CWE-126).
src/fs/vfs.c:2484:  [1] (buffer) strlen:
  Does not handle strings that are not \0-terminated; if given one it may
  perform an over-read (it could cause a crash if unprotected) (CWE-126).
src/fs/vfs.c:3254:  [1] (buffer) strlen:
  Does not handle strings that are not \0-terminated; if given one it may
  perform an over-read (it could cause a crash if unprotected) (CWE-126).
src/fs/vfs.c:3383:  [1] (buffer) strlen:
  Does not handle strings that are not \0-terminated; if given one it may
  perform an over-read (it could cause a crash if unprotected) (CWE-126).
src/fs/vfs.c:3458:  [1] (buffer) strlen:
  Does not handle strings that are not \0-terminated; if given one it may
  perform an over-read (it could cause a crash if unprotected) (CWE-126).
src/fs/vfs.c:3622:  [1] (buffer) strlen:
  Does not handle strings that are not \0-terminated; if given one it may
  perform an over-read (it could cause a crash if unprotected) (CWE-126).
src/fs/vfs.c:3623:  [1] (buffer) strlen:
  Does not handle strings that are not \0-terminated; if given one it may
  perform an over-read (it could cause a crash if unprotected) (CWE-126).
src/fs/vfs.c:3656:  [1] (buffer) strlen:
  Does not handle strings that are not \0-terminated; if given one it may
  perform an over-read (it could cause a crash if unprotected) (CWE-126).
src/include/core/connection.h:147:  [1] (buffer) read:
  Check buffer boundaries if used in a loop including recursive loops
  (CWE-120, CWE-20).
src/mgmt/share_config.c:35:  [1] (buffer) strlen:
  Does not handle strings that are not \0-terminated; if given one it may
  perform an over-read (it could cause a crash if unprotected) (CWE-126).
src/mgmt/share_config.c:190:  [1] (buffer) equal:
  Function does not check the second iterator for over-read conditions
  (CWE-126). This function is often discouraged by most C++ coding standards
  in favor of its safer alternatives provided since C++14. Consider using a
  form of this function that checks the second iterator before potentially
  overflowing it.
src/mgmt/share_config.c:203:  [1] (buffer) equal:
  Function does not check the second iterator for over-read conditions
  (CWE-126). This function is often discouraged by most C++ coding standards
  in favor of its safer alternatives provided since C++14. Consider using a
  form of this function that checks the second iterator before potentially
  overflowing it.
src/mgmt/share_config.c:252:  [1] (buffer) strlen:
  Does not handle strings that are not \0-terminated; if given one it may
  perform an over-read (it could cause a crash if unprotected) (CWE-126).
src/protocol/common/smb_common.c:23:  [1] (buffer) strlen:
  Does not handle strings that are not \0-terminated; if given one it may
  perform an over-read (it could cause a crash if unprotected) (CWE-126).
src/protocol/common/smb_common.c:603:  [1] (buffer) strlen:
  Does not handle strings that are not \0-terminated; if given one it may
  perform an over-read (it could cause a crash if unprotected) (CWE-126).
src/protocol/common/smb_common.c:618:  [1] (buffer) strlen:
  Does not handle strings that are not \0-terminated; if given one it may
  perform an over-read (it could cause a crash if unprotected) (CWE-126).
src/protocol/smb1/smb1pdu.c:563:  [1] (buffer) strlen:
  Does not handle strings that are not \0-terminated; if given one it may
  perform an over-read (it could cause a crash if unprotected) (CWE-126).
src/protocol/smb1/smb1pdu.c:571:  [1] (buffer) strlen:
  Does not handle strings that are not \0-terminated; if given one it may
  perform an over-read (it could cause a crash if unprotected) (CWE-126).
src/protocol/smb1/smb1pdu.c:654:  [1] (buffer) strlen:
  Does not handle strings that are not \0-terminated; if given one it may
  perform an over-read (it could cause a crash if unprotected) (CWE-126).
src/protocol/smb1/smb1pdu.c:659:  [1] (buffer) strlen:
  Does not handle strings that are not \0-terminated; if given one it may
  perform an over-read (it could cause a crash if unprotected) (CWE-126).
src/protocol/smb1/smb1pdu.c:892:  [1] (buffer) strlen:
  Does not handle strings that are not \0-terminated; if given one it may
  perform an over-read (it could cause a crash if unprotected) (CWE-126).
src/protocol/smb1/smb1pdu.c:977:  [1] (buffer) strlen:
  Does not handle strings that are not \0-terminated; if given one it may
  perform an over-read (it could cause a crash if unprotected) (CWE-126).
src/protocol/smb1/smb1pdu.c:1008:  [1] (buffer) strlen:
  Does not handle strings that are not \0-terminated; if given one it may
  perform an over-read (it could cause a crash if unprotected) (CWE-126).
src/protocol/smb1/smb1pdu.c:1206:  [1] (buffer) strlen:
  Does not handle strings that are not \0-terminated; if given one it may
  perform an over-read (it could cause a crash if unprotected) (CWE-126).
src/protocol/smb1/smb1pdu.c:1320:  [1] (buffer) strlen:
  Does not handle strings that are not \0-terminated; if given one it may
  perform an over-read (it could cause a crash if unprotected) (CWE-126).
src/protocol/smb1/smb1pdu.c:2345:  [1] (buffer) strlen:
  Does not handle strings that are not \0-terminated; if given one it may
  perform an over-read (it could cause a crash if unprotected) (CWE-126).
src/protocol/smb1/smb1pdu.c:2366:  [1] (buffer) strlen:
  Does not handle strings that are not \0-terminated; if given one it may
  perform an over-read (it could cause a crash if unprotected) (CWE-126).
src/protocol/smb1/smb1pdu.c:4383:  [1] (buffer) strlen:
  Does not handle strings that are not \0-terminated; if given one it may
  perform an over-read (it could cause a crash if unprotected) (CWE-126).
src/protocol/smb1/smb1pdu.c:4384:  [1] (buffer) strlen:
  Does not handle strings that are not \0-terminated; if given one it may
  perform an over-read (it could cause a crash if unprotected) (CWE-126).
src/protocol/smb1/smb1pdu.c:4393:  [1] (buffer) strlen:
  Does not handle strings that are not \0-terminated; if given one it may
  perform an over-read (it could cause a crash if unprotected) (CWE-126).
src/protocol/smb1/smb1pdu.c:6557:  [1] (buffer) strlen:
  Does not handle strings that are not \0-terminated; if given one it may
  perform an over-read (it could cause a crash if unprotected) (CWE-126).
src/protocol/smb1/smb1pdu.c:8542:  [1] (buffer) strlen:
  Does not handle strings that are not \0-terminated; if given one it may
  perform an over-read (it could cause a crash if unprotected) (CWE-126).
src/protocol/smb2/smb2_create.c:407:  [1] (buffer) strlen:
  Does not handle strings that are not \0-terminated; if given one it may
  perform an over-read (it could cause a crash if unprotected) (CWE-126).
src/protocol/smb2/smb2_create.c:408:  [1] (buffer) strlen:
  Does not handle strings that are not \0-terminated; if given one it may
  perform an over-read (it could cause a crash if unprotected) (CWE-126).
src/protocol/smb2/smb2_create.c:937:  [1] (buffer) strlen:
  Does not handle strings that are not \0-terminated; if given one it may
  perform an over-read (it could cause a crash if unprotected) (CWE-126).
src/protocol/smb2/smb2_query_set.c:238:  [1] (buffer) strlen:
  Does not handle strings that are not \0-terminated; if given one it may
  perform an over-read (it could cause a crash if unprotected) (CWE-126).
src/protocol/smb2/smb2_query_set.c:565:  [1] (buffer) strlen:
  Does not handle strings that are not \0-terminated; if given one it may
  perform an over-read (it could cause a crash if unprotected) (CWE-126).
src/protocol/smb2/smb2_query_set.c:622:  [1] (buffer) strlen:
  Does not handle strings that are not \0-terminated; if given one it may
  perform an over-read (it could cause a crash if unprotected) (CWE-126).
src/protocol/smb2/smb2_query_set.c:646:  [1] (buffer) strlen:
  Does not handle strings that are not \0-terminated; if given one it may
  perform an over-read (it could cause a crash if unprotected) (CWE-126).
src/protocol/smb2/smb2_query_set.c:1345:  [1] (buffer) strlen:
  Does not handle strings that are not \0-terminated; if given one it may
  perform an over-read (it could cause a crash if unprotected) (CWE-126).
src/protocol/smb2/smb2_query_set.c:1347:  [1] (buffer) strlen:
  Does not handle strings that are not \0-terminated; if given one it may
  perform an over-read (it could cause a crash if unprotected) (CWE-126).
src/protocol/smb2/smb2_query_set.c:1349:  [1] (buffer) strlen:
  Does not handle strings that are not \0-terminated; if given one it may
  perform an over-read (it could cause a crash if unprotected) (CWE-126).
src/protocol/smb2/smb2_query_set.c:1405:  [1] (buffer) strlen:
  Does not handle strings that are not \0-terminated; if given one it may
  perform an over-read (it could cause a crash if unprotected) (CWE-126).
src/protocol/smb2/smb2_query_set.c:1744:  [1] (buffer) strlen:
  Does not handle strings that are not \0-terminated; if given one it may
  perform an over-read (it could cause a crash if unprotected) (CWE-126).
src/protocol/smb2/smb2_query_set.c:1851:  [1] (buffer) strlen:
  Does not handle strings that are not \0-terminated; if given one it may
  perform an over-read (it could cause a crash if unprotected) (CWE-126).
src/protocol/smb2/smb2_query_set.c:1896:  [1] (buffer) strlen:
  Does not handle strings that are not \0-terminated; if given one it may
  perform an over-read (it could cause a crash if unprotected) (CWE-126).
src/protocol/smb2/smb2_session.c:164:  [1] (buffer) strlen:
  Does not handle strings that are not \0-terminated; if given one it may
  perform an over-read (it could cause a crash if unprotected) (CWE-126).
src/transport/transport_ipc.c:708:  [1] (buffer) strlen:
  Does not handle strings that are not \0-terminated; if given one it may
  perform an over-read (it could cause a crash if unprotected) (CWE-126).
src/transport/transport_ipc.c:731:  [1] (buffer) strlen:
  Does not handle strings that are not \0-terminated; if given one it may
  perform an over-read (it could cause a crash if unprotected) (CWE-126).
src/transport/transport_ipc.c:785:  [1] (buffer) strlen:
  Does not handle strings that are not \0-terminated; if given one it may
  perform an over-read (it could cause a crash if unprotected) (CWE-126).
src/transport/transport_ipc.c:788:  [1] (buffer) strlen:
  Does not handle strings that are not \0-terminated; if given one it may
  perform an over-read (it could cause a crash if unprotected) (CWE-126).
src/transport/transport_ipc.c:844:  [1] (buffer) strlen:
  Does not handle strings that are not \0-terminated; if given one it may
  perform an over-read (it could cause a crash if unprotected) (CWE-126).
src/transport/transport_ipc.c:868:  [1] (buffer) strlen:
  Does not handle strings that are not \0-terminated; if given one it may
  perform an over-read (it could cause a crash if unprotected) (CWE-126).
src/transport/transport_quic.c:543:  [1] (buffer) strlen:
  Does not handle strings that are not \0-terminated; if given one it may
  perform an over-read (it could cause a crash if unprotected) (CWE-126).
src/transport/transport_quic.c:545:  [1] (buffer) strlen:
  Does not handle strings that are not \0-terminated; if given one it may
  perform an over-read (it could cause a crash if unprotected) (CWE-126).
src/transport/transport_tcp.c:684:  [1] (buffer) strlen:
  Does not handle strings that are not \0-terminated; if given one it may
  perform an over-read (it could cause a crash if unprotected) (CWE-126).
src/transport/transport_tcp.c:694:  [1] (buffer) strlen:
  Does not handle strings that are not \0-terminated; if given one it may
  perform an over-read (it could cause a crash if unprotected) (CWE-126).
src/transport/transport_tcp.c:900:  [1] (buffer) strlen:
  Does not handle strings that are not \0-terminated; if given one it may
  perform an over-read (it could cause a crash if unprotected) (CWE-126).
