make -C /lib/modules/6.18.9-arch1-2/build M=/home/ezechiel203/ksmbd ARCH=x86_64 modules
make[1]: Entering directory '/usr/lib/modules/6.18.9-arch1-2/build'
make[2] : on entre dans le répertoire « /home/ezechiel203/ksmbd »
  CHECK   src/encoding/unicode.c
  CHECK   src/core/auth.c
  CHECK   src/fs/vfs.c
  CHECK   src/fs/vfs_cache.c
  CHECK   src/core/connection.c
  CHECK   src/core/crypto_ctx.c
  CHECK   src/core/server.c
  CHECK   src/core/misc.c
  CHECK   src/fs/oplock.c
  CHECK   src/core/ksmbd_work.c
  CHECK   src/fs/smbacl.c
  CHECK   src/encoding/ndr.c
  CHECK   src/core/ksmbd_buffer.c
  CHECK   src/core/smb2_compress.c
  CHECK   src/mgmt/ksmbd_ida.c
  CHECK   src/mgmt/user_config.c
  CHECK   src/mgmt/share_config.c
  CHECK   src/mgmt/tree_connect.c
  CHECK   src/mgmt/user_session.c
  CHECK   src/mgmt/ksmbd_witness.c
  CHECK   src/protocol/common/smb_common.c
  CHECK   src/transport/transport_tcp.c
  CHECK   src/transport/transport_ipc.c
  CC [M]  src/core/ksmbd_debugfs.o
  CHECK   src/core/ksmbd_debugfs.c
src/core/ksmbd_debugfs.c:96:36: warning: context imbalance in 'ksmbd_debugfs_connections_show' - unexpected unlock
  CHECK   src/core/ksmbd_config.c
  CHECK   src/core/ksmbd_feature.c
  CHECK   src/protocol/smb2/smb2_pdu_common.c
  CHECK   src/protocol/smb2/smb2_negotiate.c
  CHECK   src/protocol/smb2/smb2_session.c
  CHECK   src/protocol/smb2/smb2_tree.c
  CHECK   src/protocol/smb2/smb2_create.c
  CHECK   src/protocol/smb2/smb2_dir.c
  CHECK   src/protocol/smb2/smb2_query_set.c
  CHECK   src/protocol/smb2/smb2_read_write.c
  CHECK   src/protocol/smb2/smb2_lock.c
  CC [M]  src/protocol/smb2/smb2_ioctl.o
  CHECK   src/protocol/smb2/smb2_ioctl.c
  CHECK   src/protocol/smb2/smb2_notify.c
  CHECK   src/protocol/smb2/smb2_misc_cmds.c
  CHECK   src/protocol/smb2/smb2ops.c
  CHECK   src/protocol/smb2/smb2misc.c
  CHECK   src/encoding/ksmbd_spnego_negtokeninit.asn1.c
  CHECK   src/encoding/ksmbd_spnego_negtokentarg.asn1.c
  CHECK   src/encoding/asn1.c
  CHECK   src/core/compat.c
  CHECK   src/fs/ksmbd_fsctl.c
  CHECK   src/fs/ksmbd_create_ctx.c
  CHECK   src/fs/ksmbd_info.c
  CHECK   src/fs/ksmbd_dfs.c
  CHECK   src/fs/ksmbd_vss.c
  CHECK   src/fs/ksmbd_notify.c
  CHECK   src/fs/ksmbd_reparse.c
  CHECK   src/fs/ksmbd_resilient.c
  CHECK   src/fs/ksmbd_quota.c
  CHECK   src/fs/ksmbd_app_instance.c
  CHECK   src/fs/ksmbd_fsctl_extra.c
  CHECK   src/fs/ksmbd_rsvd.c
  CHECK   src/fs/ksmbd_branchcache.c
  CHECK   src/core/ksmbd_hooks.c
  CHECK   src/transport/transport_rdma.c
  LD [M]  ksmbd.o
  MODPOST Module.symvers
  CC [M]  ksmbd.mod.o
  LD [M]  ksmbd.ko
  BTF [M] ksmbd.ko
make[2] : on quitte le répertoire « /home/ezechiel203/ksmbd »
make[1]: Leaving directory '/usr/lib/modules/6.18.9-arch1-2/build'
