build_arm64.sh:59:16: note: Not following: ./build.env was not specified as input (see shellcheck -x). [SC1091]
build_arm64.sh:189:35: note: Double quote to prevent globbing and word splitting. [SC2086]
build_arm64.sh:238:15: warning: Declare and assign separately to avoid masking return values. [SC2155]
build_arm64.sh:238:29: note: Use find instead of ls to better handle non-alphanumeric filenames. [SC2012]
build_arm64.sh:244:9: note: Double quote to prevent globbing and word splitting. [SC2086]
build_arm64.sh:265:11: warning: Declare and assign separately to avoid masking return values. [SC2155]
build_arm64.sh:273:15: warning: Declare and assign separately to avoid masking return values. [SC2155]
build_arm64.sh:273:71: note: Consider using 'grep -c' instead of 'grep|wc -l'. [SC2126]
test_arm64_setup.sh:26:1: note: This function is never invoked. Check usage (or ignored if invoked indirectly). [SC2329]
build_ksmbd.sh:49:24: note: Expansions inside ${..} need to be quoted separately, otherwise they match as patterns. [SC2295]
build_ksmbd.sh:55:8: note: echo may not expand escape sequences. Use printf. [SC2028]
setup_arm64_build.sh:134:11: warning: Declare and assign separately to avoid masking return values. [SC2155]
run_tests.sh:29:1: warning: WHITE appears unused. Verify use (or export if used externally). [SC2034]
run_tests.sh:35:1: warning: BUILD_ONLY appears unused. Verify use (or export if used externally). [SC2034]
run_tests.sh:50:1: warning: EXIT_RUNTIME_ERROR appears unused. Verify use (or export if used externally). [SC2034]
run_tests.sh:315:11: warning: Declare and assign separately to avoid masking return values. [SC2155]
run_tests.sh:323:11: warning: Declare and assign separately to avoid masking return values. [SC2155]
run_tests.sh:333:11: warning: extra_args appears unused. Verify use (or export if used externally). [SC2034]
run_tests.sh:339:11: warning: cmd_desc appears unused. Verify use (or export if used externally). [SC2034]
run_tests.sh:432:11: warning: Declare and assign separately to avoid masking return values. [SC2155]
run_tests.sh:447:11: warning: Declare and assign separately to avoid masking return values. [SC2155]
run_tests.sh:504:11: warning: Declare and assign separately to avoid masking return values. [SC2155]
run_tests.sh:505:11: warning: Declare and assign separately to avoid masking return values. [SC2155]
run_tests.sh:506:11: warning: Declare and assign separately to avoid masking return values. [SC2155]
run_tests.sh:575:15: warning: Declare and assign separately to avoid masking return values. [SC2155]
run_tests.sh:585:11: warning: Declare and assign separately to avoid masking return values. [SC2155]
run_tests.sh:628:11: warning: Declare and assign separately to avoid masking return values. [SC2155]
run_tests.sh:641:10: note: Double quote to prevent globbing and word splitting. [SC2086]
tests/run_integration.sh:201:8: warning: daemon_pid appears unused. Verify use (or export if used externally). [SC2034]
ksmbd-tools/tests/test_ipc_compat.sh:8:21: warning: Remove space after = if trying to assign a value (for empty string, use var='' ... ). [SC1007]
ksmbd-tools/tests/test_ipc_compat.sh:9:48: warning: Remove space after = if trying to assign a value (for empty string, use var='' ... ). [SC1007]
ksmbd-tools/tests/test_ipc_compat.sh:10:22: warning: Remove space after = if trying to assign a value (for empty string, use var='' ... ). [SC1007]
ksmbd-tools/tests/test_integration.sh:76:14: warning: Use single quotes, otherwise this expands now rather than when signalled. [SC2064]
ksmbd-tools/tests/test_integration.sh:130:5: note: Note that A && B || C is not if-then-else. C may run when A is true. [SC2015]
ksmbd-tools/tests/test_integration.sh:143:5: note: Note that A && B || C is not if-then-else. C may run when A is true. [SC2015]
ksmbd-tools/tests/test_integration.sh:147:5: note: Note that A && B || C is not if-then-else. C may run when A is true. [SC2015]
ksmbd-tools/tests/test_integration.sh:151:5: note: Note that A && B || C is not if-then-else. C may run when A is true. [SC2015]
ksmbd-tools/tests/test_integration.sh:161:5: note: Note that A && B || C is not if-then-else. C may run when A is true. [SC2015]
ksmbd-tools/tests/test_integration.sh:163:5: note: Note that A && B || C is not if-then-else. C may run when A is true. [SC2015]
ksmbd-tools/tests/test_integration.sh:174:5: note: Note that A && B || C is not if-then-else. C may run when A is true. [SC2015]
ksmbd-tools/tests/test_integration.sh:190:5: note: Note that A && B || C is not if-then-else. C may run when A is true. [SC2015]
ksmbd-tools/tests/test_integration.sh:200:5: note: Note that A && B || C is not if-then-else. C may run when A is true. [SC2015]
ksmbd-tools/tests/test_integration.sh:202:5: note: Note that A && B || C is not if-then-else. C may run when A is true. [SC2015]
ksmbd-tools/tests/test_integration.sh:211:5: note: Note that A && B || C is not if-then-else. C may run when A is true. [SC2015]
ksmbd-tools/tests/test_integration.sh:213:5: note: Note that A && B || C is not if-then-else. C may run when A is true. [SC2015]
ksmbd-tools/scripts/install_ksmbd_tools_optusr.sh:14:22: warning: Remove space after = if trying to assign a value (for empty string, use var='' ... ). [SC1007]
ksmbd-tools/scripts/install_ksmbd_tools_optusr.sh:15:23: warning: Remove space after = if trying to assign a value (for empty string, use var='' ... ). [SC1007]
